/home/seu/miniconda3/envs/gs/lib/python3.11/site-packages/torchvision/models/_utils.py:208: UserWarning: The parameter 'pretrained' is deprecated since 0.13 and may be removed in the future, please use 'weights' instead.
  warnings.warn(
/home/seu/miniconda3/envs/gs/lib/python3.11/site-packages/torchvision/models/_utils.py:223: UserWarning: Arguments other than a weight enum or `None` for 'weights' are deprecated since 0.13 and may be removed in the future. The current behavior is equivalent to passing `weights=None`.
  warnings.warn(msg)
/home/seu/miniconda3/envs/gs/lib/python3.11/site-packages/torch/functional.py:505: UserWarning: torch.meshgrid: in an upcoming release, it will be required to pass the indexing argument. (Triggered internally at /pytorch/aten/src/ATen/native/TensorShape.cpp:4381.)
  return _VF.meshgrid(tensors, **kwargs)  # type: ignore[attr-defined]
[12Hz] Found pickle file: ./data/nuscenes_interp_12Hz_updated_description_val.pickle
[12Hz] Loading data from: ./data/nuscenes_interp_12Hz_updated_description_val.pickle
[12Hz] Loaded 35364 samples
[12Hz] Stage 'val': 900 valid samples from 23 scenes
Setting up [LPIPS] perceptual loss: trunk [vgg], v[0.1], spatial [off]
Loading model from: /home/seu/miniconda3/envs/gs/lib/python3.11/site-packages/lpips/weights/v0.1/vgg.pth
SAM2 will initialize on first use
torch.Size([1, 42, 3, 280, 518])
/data2/laizhihao/ReconDrive_repro_20260719/recondrive_repro/scripts/recondrive_pickle_probe.py:93: DeprecationWarning: 'mode' parameter is deprecated and will be removed in Pillow 13 (2026-10-15)
  Image.fromarray(array, mode="RGB").save(path)
/data2/laizhihao/ReconDrive_repro_20260719/recondrive_repro/scripts/recondrive_pickle_probe.py:106: DeprecationWarning: 'mode' parameter is deprecated and will be removed in Pillow 13 (2026-10-15)
  Image.fromarray((array * 255.0).round().astype(np.uint8), mode="L").save(path)
/data2/laizhihao/ReconDrive_repro_20260719/recondrive_repro/scripts/recondrive_pickle_probe.py:141: DeprecationWarning: 'mode' parameter is deprecated and will be removed in Pillow 13 (2026-10-15)
  Image.fromarray(colour, mode="RGB").save(path)
{
  "output_dir": "/data2/laizhihao/ReconDrive_repro_20260719/work_dirs/recondrive_official_scene0120_idx44_full_20260719_v3",
  "report": "/data2/laizhihao/ReconDrive_repro_20260719/work_dirs/recondrive_official_scene0120_idx44_full_20260719_v3/reproduction_report.json"
}
